<?xml version="1.0" encoding="UTF-8"?>
<!-- Generated by org.testng.reporters.JUnitXMLReporter -->
<testsuite ignored="0" hostname="DESKTOP-SDBG9IR" failures="1" tests="1" name="Test" time="20.685" errors="0" timestamp="2025-04-26T12:22:14 IST">
  <testcase classname="testCase.TC002_LoginTest" name="Validate_LoginTest" time="12.078">
    <failure type="java.lang.AssertionError" message="expected [true] but found [false]">
      <![CDATA[java.lang.AssertionError: expected [true] but found [false]
at testCase.TC002_LoginTest.Validate_LoginTest(TC002_LoginTest.java:37)
at java.base/java.util.ArrayList.forEach(ArrayList.java:1596)
... Removed 29 stack frames]]>
    </failure>
  </testcase> <!-- Validate_LoginTest -->
</testsuite> <!-- Test -->
